<?xml version="1.0" encoding="UTF-8"?>
<!-- Generated by org.testng.reporters.JUnitXMLReporter -->
<testsuite hostname="VigneshBaskaran" ignored="0" name="IETest" tests="1" failures="1" timestamp="04 Aug 2018 07:46:11 GMT" time="7.54" errors="0">
  <testcase name="@AfterMethod takeScreenShotOnFailure" time="0.003" classname="BaseTest.TestBaseSetup">
    <failure type="java.lang.NullPointerException">
      <![CDATA[java.lang.NullPointerException
at BaseTest.TestBaseSetup.takeScreenShotOnFailure(TestBaseSetup.java:95)
at java.util.concurrent.FutureTask.run(Unknown Source)
at java.util.concurrent.ThreadPoolExecutor.runWorker(Unknown Source)
at java.util.concurrent.ThreadPoolExecutor$Worker.run(Unknown Source)
at java.lang.Thread.run(Unknown Source)
... Removed 19 stack frames]]>
    </failure>
  </testcase> <!-- @AfterMethod takeScreenShotOnFailure -->
  <testcase name="@AfterClass tearDown" time="0.0" classname="BaseTest.TestBaseSetup">
    <skipped/>
  </testcase> <!-- @AfterClass tearDown -->
  <testcase name="SearchBooksTest" time="0.025" classname="Test.SearchBooksTest">
    <failure type="java.lang.NullPointerException">
      <![CDATA[java.lang.NullPointerException
at Pages.HomePage.SelectBook(HomePage.java:40)
at Test.SearchBooksTest.SearchBooksTest(SearchBooksTest.java:39)
at java.util.concurrent.FutureTask.run(Unknown Source)
at java.util.concurrent.ThreadPoolExecutor.runWorker(Unknown Source)
at java.util.concurrent.ThreadPoolExecutor$Worker.run(Unknown Source)
at java.lang.Thread.run(Unknown Source)
... Removed 16 stack frames]]>
    </failure>
  </testcase> <!-- SearchBooksTest -->
</testsuite> <!-- IETest -->
